0 info it worked if it ends with ok
1 verbose cli [ 'D:\\ruby-git-nodejs\\nodejs\\node.exe',
1 verbose cli   'D:\\ruby-git-nodejs\\nodejs\\node_modules\\npm\\bin\\npm-cli.js',
1 verbose cli   'start' ]
2 info using npm@3.10.10
3 info using node@v6.11.3
4 verbose run-script [ 'prestart', 'start', 'poststart' ]
5 info lifecycle P2H_GULP_BUILD@1.0.0~prestart: P2H_GULP_BUILD@1.0.0
6 silly lifecycle P2H_GULP_BUILD@1.0.0~prestart: no script for prestart, continuing
7 info lifecycle P2H_GULP_BUILD@1.0.0~start: P2H_GULP_BUILD@1.0.0
8 verbose lifecycle P2H_GULP_BUILD@1.0.0~start: unsafe-perm in lifecycle true
9 verbose lifecycle P2H_GULP_BUILD@1.0.0~start: PATH: D:\ruby-git-nodejs\nodejs\node_modules\npm\bin\node-gyp-bin;D:\work\wp4-claster-master\gulp.test.build-master-wp+Bootstrap v4.0.0\markup\node_modules\.bin;C:\ProgramData\Oracle\Java\javapath;C:\Program Files (x86)\Intel\iCLS Client\;C:\Program Files\Intel\iCLS Client\;C:\Windows\system32;C:\Windows;C:\Windows\System32\Wbem;C:\Windows\System32\WindowsPowerShell\v1.0\;C:\Program Files\Intel\Intel(R) Management Engine Components\DAL;C:\Program Files\Intel\Intel(R) Management Engine Components\IPT;C:\Program Files (x86)\Intel\Intel(R) Management Engine Components\DAL;C:\Program Files (x86)\Intel\Intel(R) Management Engine Components\IPT;C:\Program Files\TortoiseSVN\bin;C:\Program Files\TortoiseGit\bin;C:\Program Files\nodejs;C:\Program Files\Git\cmd;C:\Program Files\Git\mingw64\bin;C:\Program Files\Git\usr\bin;D:\ruby-git-nodejs\git-1.9.4\cmd;D:\ruby-git-nodejs\nodejs;D:\ruby-git-nodejs\phantomjs-2.1.1;D:\ruby-git-nodejs\ruby-2.4.2-x64\bin;C:\Users\vadim.nahornyi\AppData\Local\Programs\Microsoft VS Code\bin
10 verbose lifecycle P2H_GULP_BUILD@1.0.0~start: CWD: D:\work\wp4-claster-master\gulp.test.build-master-wp+Bootstrap v4.0.0\markup
11 silly lifecycle P2H_GULP_BUILD@1.0.0~start: Args: [ '/d /s /c', 'npm i && gulp' ]
12 silly lifecycle P2H_GULP_BUILD@1.0.0~start: Returned: code: 1  signal: null
13 info lifecycle P2H_GULP_BUILD@1.0.0~start: Failed to exec start script
14 verbose stack Error: P2H_GULP_BUILD@1.0.0 start: `npm i && gulp`
14 verbose stack Exit status 1
14 verbose stack     at EventEmitter.<anonymous> (D:\ruby-git-nodejs\nodejs\node_modules\npm\lib\utils\lifecycle.js:255:16)
14 verbose stack     at emitTwo (events.js:106:13)
14 verbose stack     at EventEmitter.emit (events.js:191:7)
14 verbose stack     at ChildProcess.<anonymous> (D:\ruby-git-nodejs\nodejs\node_modules\npm\lib\utils\spawn.js:40:14)
14 verbose stack     at emitTwo (events.js:106:13)
14 verbose stack     at ChildProcess.emit (events.js:191:7)
14 verbose stack     at maybeClose (internal/child_process.js:920:16)
14 verbose stack     at Process.ChildProcess._handle.onexit (internal/child_process.js:230:5)
15 verbose pkgid P2H_GULP_BUILD@1.0.0
16 verbose cwd D:\work\wp4-claster-master\gulp.test.build-master-wp+Bootstrap v4.0.0\markup
17 error Windows_NT 6.3.9600
18 error argv "D:\\ruby-git-nodejs\\nodejs\\node.exe" "D:\\ruby-git-nodejs\\nodejs\\node_modules\\npm\\bin\\npm-cli.js" "start"
19 error node v6.11.3
20 error npm  v3.10.10
21 error code ELIFECYCLE
22 error P2H_GULP_BUILD@1.0.0 start: `npm i && gulp`
22 error Exit status 1
23 error Failed at the P2H_GULP_BUILD@1.0.0 start script 'npm i && gulp'.
23 error Make sure you have the latest version of node.js and npm installed.
23 error If you do, this is most likely a problem with the P2H_GULP_BUILD package,
23 error not with npm itself.
23 error Tell the author that this fails on your system:
23 error     npm i && gulp
23 error You can get information on how to open an issue for this project with:
23 error     npm bugs P2H_GULP_BUILD
23 error Or if that isn't available, you can get their info via:
23 error     npm owner ls P2H_GULP_BUILD
23 error There is likely additional logging output above.
24 verbose exit [ 1, true ]
